{"message":"Service running on port: 8000","level":"info"}
{"message":"Service running on port: 8000","level":"info"}
{"message":"Service running on port: 8000","level":"info"}
{"message":"Service running on port: 8000","level":"info"}
{"message":"Service running on port: 8000","level":"info"}
{"message":"Service running on port: 8000","level":"info"}
{"message":"Service running on port: 8000","level":"info"}
{"message":"Service running on port: 8000","level":"info"}
{"message":"Service running on port: 8000","level":"info"}
{"message":"Service running on port: 8000","level":"info"}
{"message":"Service running on port: 8000","level":"info"}
{"message":"Service running on port: 8000","level":"info"}
{"message":"Service running on port: 8000","level":"info"}
{"message":"Service running on port: 8000","level":"info"}
{"message":"Service running on port: 8000","level":"info"}
{"message":"Service running on port: 8000","level":"info"}
{"message":"Service running on port: 8000","level":"info"}
{"message":"Service running on port: 8000","level":"info"}
{"message":"Service running on port: 8000","level":"info"}
{"message":"Service running on port: 8000","level":"info"}
{"message":"Service running on port: 8000","level":"info"}
{"message":"Service running on port: 8000","level":"info"}
{"message":"Service running on port: 8000","level":"info"}
{"message":"Service running on port: 8000","level":"info"}
{"message":"Service running on port: 8000","level":"info"}
{"message":"Service running on port: 8000","level":"info"}
{"message":"Service running on port: 8000","level":"info"}
{"message":"Service running on port: 8000","level":"info"}
{"message":"Service running on port: 8000","level":"info"}
{"message":"Service running on port: 8000","level":"info"}
{"message":"Service running on port: 8000","level":"info"}
{"message":"Service running on port: 8000","level":"info"}
{"message":"Service running on port: 8000","level":"info"}
{"message":"Service running on port: 8000","level":"info"}
{"message":"Service running on port: 8000","level":"info"}
{"message":"Service running on port: 8000","level":"info"}
{"message":"Service running on port: 8000","level":"info"}
{"message":"Email was opened","level":"info"}
{"message":"bz7e75ljlzs7u2o","level":"info"}
{"message":"Checking status for tracker: bz7e75ljlzs7u2o","level":"info"}
{"message":"Email was re-opened","level":"info"}
{"message":"bz7e75ljlzs7u2o","level":"info"}
{"message":"Checking status for tracker: bz7e75ljlzs7u2o","level":"info"}
{"message":"Service running on port: 8000","level":"info"}
{"message":"Service running on port: 8000","level":"info"}
{"message":"Service running on port: 8000","level":"info"}
{"message":"Service running on port: 8000","level":"info"}
{"message":"Service running on port: 8000","level":"info"}
{"message":"Service running on port: 8000","level":"info"}
{"message":"Service running on port: 8000","level":"info"}
{"message":"Service running on port: 8000","level":"info"}
{"message":"Email was opened","level":"info"}
{"message":"bz7e7ahjlzskh9q","level":"info"}
{"message":"Service running on port: 8000","level":"info"}
{"message":"Email was opened","level":"info"}
{"message":"bz7e7bhjlzsnqup","level":"info"}
{"message":"Checking status for tracker: bz7e7bhjlzsnqup","level":"info"}
{"message":"Service running on port: 8000","level":"info"}
{"message":"Email was opened","level":"info"}
{"message":"bz7e7cfjlzsq4ya","level":"info"}
{"message":"Checking status for tracker: bz7e7cfjlzsq4ya","level":"info"}
{"message":"Service running on port: 8000","level":"info"}
{"message":"Email was opened","level":"info"}
{"message":"bz7e7ctjlzsr9d2","level":"info"}
{"message":"Checking status for tracker: bz7e7ctjlzsr9d2","level":"info"}
{"message":"Service running on port: 8000","level":"info"}
{"message":"Email was opened","level":"info"}
{"message":"bz7e7cyjlzsropg","level":"info"}
{"message":"Checking status for tracker: bz7e7cyjlzsropg","level":"info"}
{"message":"Service running on port: 8000","level":"info"}
{"message":"Email was opened","level":"info"}
{"message":"bz7e7d5jlzsry1e","level":"info"}
{"message":"Checking status for tracker: bz7e7d5jlzsry1e","level":"info"}
{"message":"Service running on port: 8000","level":"info"}
{"message":"Email was opened","level":"info"}
{"message":"bz7e7dnjlzsthlz","level":"info"}
{"message":"Checking status for tracker: bz7e7dnjlzsthlz","level":"info"}
{"message":"Email was re-opened","level":"info"}
{"message":"bz7e7dnjlzsthlz","level":"info"}
{"message":"Checking status for tracker: bz7e7dnjlzsthlz","level":"info"}
{"message":"Email was opened","level":"info"}
{"message":"bz7e7drjlzstkcz","level":"info"}
{"message":"Checking status for tracker: bz7e7drjlzstkcz","level":"info"}
{"message":"Email was re-opened","level":"info"}
{"message":"bz7e7drjlzstkcz","level":"info"}
{"message":"Checking status for tracker: bz7e7drjlzstkcz","level":"info"}
{"message":"Service running on port: 8000","level":"info"}
{"message":"Email was opened","level":"info"}
{"message":"bz7e7dxjlzstoqr","level":"info"}
{"message":"Checking status for tracker: bz7e7dxjlzstoqr","level":"info"}
{"message":"Email was re-opened","level":"info"}
{"message":"bz7e7dxjlzstoqr","level":"info"}
{"message":"Checking status for tracker: bz7e7dxjlzstoqr","level":"info"}
{"message":"Service running on port: 8000","level":"info"}
{"message":"Email was opened","level":"info"}
{"message":"bz7e7efjlzsv1de","level":"info"}
{"message":"Checking status for tracker: bz7e7efjlzsv1de","level":"info"}
{"message":"Email was re-opened","level":"info"}
{"message":"bz7e7efjlzsv1de","level":"info"}
{"message":"Checking status for tracker: bz7e7efjlzsv1de","level":"info"}
{"message":"Service running on port: 8000","level":"info"}
{"message":"Email was opened","level":"info"}
{"message":"bz7e7f1jlzsvsi3","level":"info"}
{"message":"Checking status for tracker: bz7e7f1jlzsvsi3","level":"info"}
{"message":"Email was re-opened","level":"info"}
{"message":"bz7e7f1jlzsvsi3","level":"info"}
{"message":"Checking status for tracker: bz7e7f1jlzsvsi3","level":"info"}
{"message":"Service running on port: 8000","level":"info"}
{"message":"Email was opened","level":"info"}
{"message":"bz7e7fijlzswsat","level":"info"}
{"message":"Checking status for tracker: bz7e7fijlzswsat","level":"info"}
{"message":"Email was re-opened","level":"info"}
{"message":"bz7e7fijlzswsat","level":"info"}
{"message":"Checking status for tracker: bz7e7fijlzswsat","level":"info"}
{"message":"Checking status for tracker: bz7e7fijlzswsat","level":"info"}
{"message":"Service running on port: 8000","level":"info"}
{"message":"Email was opened","level":"info"}
{"message":"bz7e7frjlzsxa2j","level":"info"}
{"message":"Checking status for tracker: bz7e7frjlzsxa2j","level":"info"}
{"message":"Email was re-opened","level":"info"}
{"message":"bz7e7frjlzsxa2j","level":"info"}
{"message":"Checking status for tracker: bz7e7frjlzsxa2j","level":"info"}
{"message":"Email was re-opened","level":"info"}
{"message":"bz7e7frjlzsxa2j","level":"info"}
{"message":"Checking status for tracker: bz7e7frjlzsxa2j","level":"info"}
{"message":"Service running on port: 8000","level":"info"}
{"message":"Email was opened","level":"info"}
{"message":"bz7e7gejlzsz49z","level":"info"}
{"message":"Checking status for tracker: bz7e7gejlzsz49z","level":"info"}
{"message":"Email was re-opened","level":"info"}
{"message":"bz7e7gejlzsz49z","level":"info"}
{"message":"Checking status for tracker: bz7e7gejlzsz49z","level":"info"}
{"message":"Email was re-opened","level":"info"}
{"message":"bz7e7gejlzsz49z","level":"info"}
{"message":"Checking status for tracker: bz7e7gejlzsz49z","level":"info"}
{"message":"Checking status for tracker: not_a_real_id","level":"info"}
{"message":"Service running on port: 8000","level":"info"}
{"message":"Email was opened","level":"info"}
{"message":"bz7e7h5jlzt1ci7","level":"info"}
{"message":"Checking status for tracker: bz7e7h5jlzt1ci7","level":"info"}
{"message":"Email was re-opened","level":"info"}
{"message":"bz7e7h5jlzt1ci7","level":"info"}
{"message":"Checking status for tracker: bz7e7h5jlzt1ci7","level":"info"}
{"message":"Email was re-opened","level":"info"}
{"message":"bz7e7h5jlzt1ci7","level":"info"}
{"message":"Checking status for tracker: bz7e7h5jlzt1ci7","level":"info"}
{"message":"Checking status for tracker: not_a_real_id","level":"info"}
{"message":"Service running on port: 8000","level":"info"}
{"message":"Email was opened","level":"info"}
{"message":"bz7e7hnjlzt28ts","level":"info"}
{"message":"Checking status for tracker: bz7e7hnjlzt28ts","level":"info"}
{"message":"Email was re-opened","level":"info"}
{"message":"bz7e7hnjlzt28ts","level":"info"}
{"message":"Checking status for tracker: bz7e7hnjlzt28ts","level":"info"}
{"message":"Email was re-opened","level":"info"}
{"message":"bz7e7hnjlzt28ts","level":"info"}
{"message":"Checking status for tracker: bz7e7hnjlzt28ts","level":"info"}
{"message":"Checking status for tracker: not_a_real_id","level":"info"}
{"message":"Service running on port: 8000","level":"info"}
{"message":"Email was opened","level":"info"}
{"message":"bz7e7hyjlzt34fz","level":"info"}
{"message":"Checking status for tracker: bz7e7hyjlzt34fz","level":"info"}
{"message":"Email was re-opened","level":"info"}
{"message":"bz7e7hyjlzt34fz","level":"info"}
{"message":"Checking status for tracker: bz7e7hyjlzt34fz","level":"info"}
{"message":"Email was re-opened","level":"info"}
{"message":"bz7e7hyjlzt34fz","level":"info"}
{"message":"Checking status for tracker: bz7e7hyjlzt34fz","level":"info"}
{"message":"Checking status for tracker: not_a_real_id","level":"info"}
{"message":"Email was opened","level":"info"}
{"message":"bz7e7icjlzt46gp","level":"info"}
{"message":"Checking status for tracker: bz7e7icjlzt46gp","level":"info"}
{"message":"Email was re-opened","level":"info"}
{"message":"bz7e7icjlzt46gp","level":"info"}
{"message":"Checking status for tracker: bz7e7icjlzt46gp","level":"info"}
{"message":"Email was re-opened","level":"info"}
{"message":"bz7e7icjlzt46gp","level":"info"}
{"message":"Checking status for tracker: bz7e7icjlzt46gp","level":"info"}
{"message":"Email was re-opened","level":"info"}
{"message":"bz7e7icjlzt46gp","level":"info"}
{"message":"Checking status for tracker: not_a_real_id","level":"info"}
{"message":"Service running on port: 8000","level":"info"}
{"message":"Email was opened","level":"info"}
{"message":"bz7e7ikjlzt4e3x","level":"info"}
{"message":"Checking status for tracker: bz7e7ikjlzt4e3x","level":"info"}
{"message":"Email was re-opened","level":"info"}
{"message":"bz7e7ikjlzt4e3x","level":"info"}
{"message":"Checking status for tracker: bz7e7ikjlzt4e3x","level":"info"}
{"message":"Email was re-opened","level":"info"}
{"message":"bz7e7ikjlzt4e3x","level":"info"}
{"message":"Checking status for tracker: bz7e7ikjlzt4e3x","level":"info"}
{"message":"Email was re-opened","level":"info"}
{"message":"bz7e7ikjlzt4e3x","level":"info"}
{"message":"Checking status for tracker: not_a_real_id","level":"info"}
